<?xml version="1.0" encoding="UTF-8"?>
<!-- Generated by org.testng.reporters.JUnitReportReporter -->
<testsuite hostname="DESKTOP-D3R7Q13" failures="0" tests="1" name="com.opencart.testLayer.LoginPageTest" time="41.928" errors="0" timestamp="2023-03-04T23:10:39 IST" skipped="0">
  <testcase classname="com.opencart.testLayer.LoginPageTest" name="validateUserLoginWithValidCradential" time="41.928"/>
  <system-out/>
</testsuite> <!-- com.opencart.testLayer.LoginPageTest -->
