<?xml version="1.0" encoding="UTF-8"?>
<!-- Generated by org.testng.reporters.JUnitReportReporter -->
<testsuite hostname="DESKTOP-D3R7Q13" failures="0" tests="1" name="com.opencart.testBase.TestBase" time="41.787" errors="0" timestamp="2023-02-21T11:02:50 IST" skipped="0">
  <testcase classname="com.opencart.testBase.TestBase" name="testcase" time="41.787"/>
  <system-out/>
</testsuite> <!-- com.opencart.testBase.TestBase -->
