<?xml version="1.0" encoding="UTF-8"?>
<!-- Generated by org.testng.reporters.JUnitReportReporter -->
<testsuite hostname="DESKTOP-1H79L4T" failures="0" tests="1" name="com.opencart.testLayer.LoginPageTest" time="100.732" errors="0" timestamp="2023-08-03T09:26:14 IST" skipped="0">
  <testcase classname="com.opencart.testLayer.LoginPageTest" name="validateUserLoginWithValidCradential" time="100.732"/>
</testsuite> <!-- com.opencart.testLayer.LoginPageTest -->
