<?xml version="1.0" encoding="UTF-8"?>
<!-- Generated by org.testng.reporters.JUnitReportReporter -->
<testsuite hostname="DESKTOP-1H79L4T" failures="0" tests="1" name="com.opencart.testLayer.LoginPageTest" time="106.877" errors="0" timestamp="2023-08-03T10:16:59 IST" skipped="0">
  <testcase classname="com.opencart.testLayer.LoginPageTest" name="validateUserLoginWithValidCradential" time="106.877"/>
  <system-out/>
</testsuite> <!-- com.opencart.testLayer.LoginPageTest -->
